mode: set
github.com/dedihartono801/kp-transaction-svc/internal/app/usecase/transaction/service.go:46.11,56.2 1 1
github.com/dedihartono801/kp-transaction-svc/internal/app/usecase/transaction/service.go:58.51,60.16 2 1
github.com/dedihartono801/kp-transaction-svc/internal/app/usecase/transaction/service.go:60.16,62.3 1 0
github.com/dedihartono801/kp-transaction-svc/internal/app/usecase/transaction/service.go:63.2,63.20 1 1
github.com/dedihartono801/kp-transaction-svc/internal/app/usecase/transaction/service.go:66.57,68.16 2 1
github.com/dedihartono801/kp-transaction-svc/internal/app/usecase/transaction/service.go:68.16,70.3 1 0
github.com/dedihartono801/kp-transaction-svc/internal/app/usecase/transaction/service.go:71.2,71.24 1 1
github.com/dedihartono801/kp-transaction-svc/internal/app/usecase/transaction/service.go:74.87,82.12 3 0
github.com/dedihartono801/kp-transaction-svc/internal/app/usecase/transaction/service.go:82.12,90.3 2 0
github.com/dedihartono801/kp-transaction-svc/internal/app/usecase/transaction/service.go:93.2,94.12 2 0
github.com/dedihartono801/kp-transaction-svc/internal/app/usecase/transaction/service.go:94.12,96.35 2 0
github.com/dedihartono801/kp-transaction-svc/internal/app/usecase/transaction/service.go:96.35,98.4 1 0
github.com/dedihartono801/kp-transaction-svc/internal/app/usecase/transaction/service.go:99.3,99.31 1 0
github.com/dedihartono801/kp-transaction-svc/internal/app/usecase/transaction/service.go:103.2,106.27 3 0
github.com/dedihartono801/kp-transaction-svc/internal/app/usecase/transaction/service.go:106.27,108.3 1 0
github.com/dedihartono801/kp-transaction-svc/internal/app/usecase/transaction/service.go:109.2,109.41 1 0
github.com/dedihartono801/kp-transaction-svc/internal/app/usecase/transaction/service.go:109.41,111.3 1 0
github.com/dedihartono801/kp-transaction-svc/internal/app/usecase/transaction/service.go:113.2,128.58 4 0
github.com/dedihartono801/kp-transaction-svc/internal/app/usecase/transaction/service.go:128.58,130.3 1 0
github.com/dedihartono801/kp-transaction-svc/internal/app/usecase/transaction/service.go:133.2,134.16 2 0
github.com/dedihartono801/kp-transaction-svc/internal/app/usecase/transaction/service.go:134.16,136.3 1 0
github.com/dedihartono801/kp-transaction-svc/internal/app/usecase/transaction/service.go:137.2,137.15 1 0
github.com/dedihartono801/kp-transaction-svc/internal/app/usecase/transaction/service.go:137.15,138.17 1 0
github.com/dedihartono801/kp-transaction-svc/internal/app/usecase/transaction/service.go:138.17,140.4 1 0
github.com/dedihartono801/kp-transaction-svc/internal/app/usecase/transaction/service.go:144.2,145.16 2 0
github.com/dedihartono801/kp-transaction-svc/internal/app/usecase/transaction/service.go:145.16,147.3 1 0
github.com/dedihartono801/kp-transaction-svc/internal/app/usecase/transaction/service.go:149.2,150.34 2 0
github.com/dedihartono801/kp-transaction-svc/internal/app/usecase/transaction/service.go:150.34,159.3 1 0
github.com/dedihartono801/kp-transaction-svc/internal/app/usecase/transaction/service.go:161.2,161.78 1 0
github.com/dedihartono801/kp-transaction-svc/internal/app/usecase/transaction/service.go:161.78,163.3 1 0
github.com/dedihartono801/kp-transaction-svc/internal/app/usecase/transaction/service.go:166.2,171.16 2 0
github.com/dedihartono801/kp-transaction-svc/internal/app/usecase/transaction/service.go:171.16,173.3 1 0
github.com/dedihartono801/kp-transaction-svc/internal/app/usecase/transaction/service.go:174.2,174.24 1 0
github.com/dedihartono801/kp-transaction-svc/internal/app/usecase/transaction/service.go:174.24,176.3 1 0
github.com/dedihartono801/kp-transaction-svc/internal/app/usecase/transaction/service.go:179.2,179.72 1 0
github.com/dedihartono801/kp-transaction-svc/internal/app/usecase/transaction/service.go:179.72,181.3 1 0
github.com/dedihartono801/kp-transaction-svc/internal/app/usecase/transaction/service.go:182.2,182.57 1 0
github.com/dedihartono801/kp-transaction-svc/internal/app/usecase/transaction/service.go:185.103,193.12 3 0
github.com/dedihartono801/kp-transaction-svc/internal/app/usecase/transaction/service.go:193.12,201.3 2 0
github.com/dedihartono801/kp-transaction-svc/internal/app/usecase/transaction/service.go:204.2,205.12 2 0
github.com/dedihartono801/kp-transaction-svc/internal/app/usecase/transaction/service.go:205.12,207.35 2 0
github.com/dedihartono801/kp-transaction-svc/internal/app/usecase/transaction/service.go:207.35,209.4 1 0
github.com/dedihartono801/kp-transaction-svc/internal/app/usecase/transaction/service.go:210.3,210.31 1 0
github.com/dedihartono801/kp-transaction-svc/internal/app/usecase/transaction/service.go:214.2,217.27 3 0
github.com/dedihartono801/kp-transaction-svc/internal/app/usecase/transaction/service.go:217.27,219.3 1 0
github.com/dedihartono801/kp-transaction-svc/internal/app/usecase/transaction/service.go:220.2,220.41 1 0
github.com/dedihartono801/kp-transaction-svc/internal/app/usecase/transaction/service.go:220.41,222.3 1 0
github.com/dedihartono801/kp-transaction-svc/internal/app/usecase/transaction/service.go:224.2,240.58 4 0
github.com/dedihartono801/kp-transaction-svc/internal/app/usecase/transaction/service.go:240.58,242.3 1 0
github.com/dedihartono801/kp-transaction-svc/internal/app/usecase/transaction/service.go:245.2,246.16 2 0
github.com/dedihartono801/kp-transaction-svc/internal/app/usecase/transaction/service.go:246.16,248.3 1 0
github.com/dedihartono801/kp-transaction-svc/internal/app/usecase/transaction/service.go:249.2,249.15 1 0
github.com/dedihartono801/kp-transaction-svc/internal/app/usecase/transaction/service.go:249.15,250.17 1 0
github.com/dedihartono801/kp-transaction-svc/internal/app/usecase/transaction/service.go:250.17,252.4 1 0
github.com/dedihartono801/kp-transaction-svc/internal/app/usecase/transaction/service.go:256.2,257.16 2 0
github.com/dedihartono801/kp-transaction-svc/internal/app/usecase/transaction/service.go:257.16,259.3 1 0
github.com/dedihartono801/kp-transaction-svc/internal/app/usecase/transaction/service.go:261.2,262.34 2 0
github.com/dedihartono801/kp-transaction-svc/internal/app/usecase/transaction/service.go:262.34,271.3 1 0
github.com/dedihartono801/kp-transaction-svc/internal/app/usecase/transaction/service.go:274.2,274.78 1 0
github.com/dedihartono801/kp-transaction-svc/internal/app/usecase/transaction/service.go:274.78,276.3 1 0
github.com/dedihartono801/kp-transaction-svc/internal/app/usecase/transaction/service.go:279.2,284.16 2 0
github.com/dedihartono801/kp-transaction-svc/internal/app/usecase/transaction/service.go:284.16,286.3 1 0
github.com/dedihartono801/kp-transaction-svc/internal/app/usecase/transaction/service.go:287.2,287.24 1 0
github.com/dedihartono801/kp-transaction-svc/internal/app/usecase/transaction/service.go:287.24,289.3 1 0
github.com/dedihartono801/kp-transaction-svc/internal/app/usecase/transaction/service.go:292.2,292.72 1 0
github.com/dedihartono801/kp-transaction-svc/internal/app/usecase/transaction/service.go:292.72,294.3 1 0
github.com/dedihartono801/kp-transaction-svc/internal/app/usecase/transaction/service.go:295.2,295.57 1 0
github.com/dedihartono801/kp-transaction-svc/internal/app/usecase/transaction/service.go:298.109,300.16 2 0
github.com/dedihartono801/kp-transaction-svc/internal/app/usecase/transaction/service.go:300.16,302.3 1 0
github.com/dedihartono801/kp-transaction-svc/internal/app/usecase/transaction/service.go:304.2,305.16 2 0
github.com/dedihartono801/kp-transaction-svc/internal/app/usecase/transaction/service.go:305.16,307.3 1 0
github.com/dedihartono801/kp-transaction-svc/internal/app/usecase/transaction/service.go:309.2,323.46 2 0
