mode: set
github.com/dedihartono801/kp-user-svc/internal/app/usecase/user/service.go:43.11,51.2 1 1
github.com/dedihartono801/kp-user-svc/internal/app/usecase/user/service.go:53.68,56.16 3 0
github.com/dedihartono801/kp-user-svc/internal/app/usecase/user/service.go:56.16,58.3 1 0
github.com/dedihartono801/kp-user-svc/internal/app/usecase/user/service.go:59.2,60.16 2 0
github.com/dedihartono801/kp-user-svc/internal/app/usecase/user/service.go:60.16,62.3 1 0
github.com/dedihartono801/kp-user-svc/internal/app/usecase/user/service.go:65.2,66.16 2 0
github.com/dedihartono801/kp-user-svc/internal/app/usecase/user/service.go:66.16,68.3 1 0
github.com/dedihartono801/kp-user-svc/internal/app/usecase/user/service.go:70.2,83.51 2 0
github.com/dedihartono801/kp-user-svc/internal/app/usecase/user/service.go:83.51,85.3 1 0
github.com/dedihartono801/kp-user-svc/internal/app/usecase/user/service.go:87.2,88.16 2 0
github.com/dedihartono801/kp-user-svc/internal/app/usecase/user/service.go:88.16,90.3 1 0
github.com/dedihartono801/kp-user-svc/internal/app/usecase/user/service.go:92.2,93.16 2 0
github.com/dedihartono801/kp-user-svc/internal/app/usecase/user/service.go:93.16,95.3 1 0
github.com/dedihartono801/kp-user-svc/internal/app/usecase/user/service.go:98.2,99.16 2 0
github.com/dedihartono801/kp-user-svc/internal/app/usecase/user/service.go:99.16,101.3 1 0
github.com/dedihartono801/kp-user-svc/internal/app/usecase/user/service.go:103.2,104.16 2 0
github.com/dedihartono801/kp-user-svc/internal/app/usecase/user/service.go:104.16,106.3 1 0
github.com/dedihartono801/kp-user-svc/internal/app/usecase/user/service.go:108.2,109.16 2 0
github.com/dedihartono801/kp-user-svc/internal/app/usecase/user/service.go:109.16,112.3 2 0
github.com/dedihartono801/kp-user-svc/internal/app/usecase/user/service.go:114.2,115.16 2 0
github.com/dedihartono801/kp-user-svc/internal/app/usecase/user/service.go:115.16,118.3 2 0
github.com/dedihartono801/kp-user-svc/internal/app/usecase/user/service.go:119.2,119.29 1 0
github.com/dedihartono801/kp-user-svc/internal/app/usecase/user/service.go:119.29,125.3 1 0
github.com/dedihartono801/kp-user-svc/internal/app/usecase/user/service.go:127.2,128.16 2 0
github.com/dedihartono801/kp-user-svc/internal/app/usecase/user/service.go:128.16,131.3 2 0
github.com/dedihartono801/kp-user-svc/internal/app/usecase/user/service.go:134.2,135.16 2 0
github.com/dedihartono801/kp-user-svc/internal/app/usecase/user/service.go:135.16,138.3 2 0
github.com/dedihartono801/kp-user-svc/internal/app/usecase/user/service.go:140.2,140.45 1 0
github.com/dedihartono801/kp-user-svc/internal/app/usecase/user/service.go:143.51,145.16 2 1
github.com/dedihartono801/kp-user-svc/internal/app/usecase/user/service.go:145.16,147.3 1 0
github.com/dedihartono801/kp-user-svc/internal/app/usecase/user/service.go:148.2,148.20 1 1
github.com/dedihartono801/kp-user-svc/internal/app/usecase/user/service.go:150.73,152.16 2 0
github.com/dedihartono801/kp-user-svc/internal/app/usecase/user/service.go:152.16,154.3 1 0
github.com/dedihartono801/kp-user-svc/internal/app/usecase/user/service.go:156.2,157.16 2 0
github.com/dedihartono801/kp-user-svc/internal/app/usecase/user/service.go:157.16,159.3 1 0
github.com/dedihartono801/kp-user-svc/internal/app/usecase/user/service.go:161.2,173.36 1 0
github.com/dedihartono801/kp-user-svc/internal/app/usecase/user/service.go:176.85,178.16 2 0
github.com/dedihartono801/kp-user-svc/internal/app/usecase/user/service.go:178.16,180.3 1 0
github.com/dedihartono801/kp-user-svc/internal/app/usecase/user/service.go:181.2,184.48 2 0
github.com/dedihartono801/kp-user-svc/internal/app/usecase/user/service.go:187.103,189.16 2 0
github.com/dedihartono801/kp-user-svc/internal/app/usecase/user/service.go:189.16,191.3 1 0
github.com/dedihartono801/kp-user-svc/internal/app/usecase/user/service.go:192.2,195.48 2 0
github.com/dedihartono801/kp-user-svc/internal/app/usecase/user/service.go:198.92,200.16 2 0
github.com/dedihartono801/kp-user-svc/internal/app/usecase/user/service.go:200.16,202.3 1 0
github.com/dedihartono801/kp-user-svc/internal/app/usecase/user/service.go:204.2,204.36 1 0
github.com/dedihartono801/kp-user-svc/internal/app/usecase/user/service.go:204.36,207.3 2 0
github.com/dedihartono801/kp-user-svc/internal/app/usecase/user/service.go:209.2,211.16 3 0
github.com/dedihartono801/kp-user-svc/internal/app/usecase/user/service.go:211.16,213.3 1 0
github.com/dedihartono801/kp-user-svc/internal/app/usecase/user/service.go:215.2,215.40 1 0
